#
# A fatal error has been detected by the Java Runtime Environment:
#
#  Internal Error (javaClasses.cpp:129), pid=12419, tid=3060579136
#  fatal error: Invalid layout of preloaded class
#
# JRE version: 7.0_25-b30
# Java VM: OpenJDK Server VM (23.7-b01 mixed mode linux-x86 )
# Failed to write core dump. Core dumps have been disabled. To enable core dumping, try "ulimit -c unlimited" before starting Java again
#
# If you would like to submit a bug report, please include
# instructions on how to reproduce the bug and visit:
#   https://bugs.launchpad.net/ubuntu/+source/openjdk-7/
#

---------------  T H R E A D  ---------------

Current thread (0xb6506800):  JavaThread "Unknown thread" [_thread_in_vm, id=12426, stack(0xb667b000,0xb66cc000)]

Stack: [0xb667b000,0xb66cc000]
[error occurred during error reporting (printing stack bounds), id 0xb]


[error occurred during error reporting (printing native stack), id 0xb]


---------------  P R O C E S S  ---------------

Java Threads: ( => current thread )

Other Threads:

=>0xb6506800 (exited) JavaThread "Unknown thread" [_thread_in_vm, id=12426, stack(0xb667b000,0xb66cc000)]

VM state:not at safepoint (not fully initialized)

VM Mutex/Monitor currently owned by a thread: None

GC Heap History (0 events):
No events

Deoptimization events (0 events):
No events

Internal exceptions (0 events):
No events

Events (10 events):
Event: 0.065 loading class 0xb6534658 done
Event: 0.065 loading class 0xb6533f98 done
Event: 0.065 loading class 0xb6533f70
Event: 0.065 loading class 0xb6553ff8
Event: 0.065 loading class 0xb6553ff8 done
Event: 0.065 loading class 0xb6554030
Event: 0.065 loading class 0xb6554030 done
Event: 0.065 loading class 0xb6554068
Event: 0.065 loading class 0xb6554068 done
Event: 0.065 loading class 0xb6533f70 done


Dynamic libraries:
08048000-08049000 r-xp 00000000 08:01 528974     /usr/lib/jvm/java-7-openjdk-i386/jre/bin/java
08049000-0804a000 r--p 00000000 08:01 528974     /usr/lib/jvm/java-7-openjdk-i386/jre/bin/java
0804a000-0804b000 rw-p 00001000 08:01 528974     /usr/lib/jvm/java-7-openjdk-i386/jre/bin/java
0893e000-0895f000 rw-p 00000000 00:00 0          [heap]
6a6c4000-6a78e000 r--s 011ad000 08:01 4858918    /home/heiko/android/adt-bundle-linux-x86-20130729/sdk/platforms/android-18/android.jar
6a78e000-6d500000 rw-p 00000000 00:00 0 
6d500000-6d521000 rw-p 00000000 00:00 0 
6d521000-6d600000 ---p 00000000 00:00 0 
6d67f000-6d680000 ---p 00000000 00:00 0 
6d680000-6d700000 rw-p 00000000 00:00 0          [stack:12430]
6d700000-6d721000 rw-p 00000000 00:00 0 
6d721000-6d800000 ---p 00000000 00:00 0 
6d800000-6d821000 rw-p 00000000 00:00 0 
6d821000-6d900000 ---p 00000000 00:00 0 
6d97f000-6d980000 ---p 00000000 00:00 0 
6d980000-6da00000 rw-p 00000000 00:00 0          [stack:12429]
6da00000-6da21000 rw-p 00000000 00:00 0 
6da21000-6db00000 ---p 00000000 00:00 0 
6db57000-6db7c000 rw-p 00000000 00:00 0 
6db7c000-6db7d000 ---p 00000000 00:00 0 
6db7d000-6dbfd000 rw-p 00000000 00:00 0          [stack:12428]
6dbfd000-6dbfe000 ---p 00000000 00:00 0 
6dbfe000-6dc86000 rw-p 00000000 00:00 0          [stack:12427]
6dc86000-6dcbe000 rw-p 00000000 00:00 0 
6dcbe000-6dcd3000 rw-p 00000000 00:00 0 
6dcd3000-6de05000 rw-p 00000000 00:00 0 
6de05000-6de0d000 rw-p 00000000 00:00 0 
6de0d000-6de45000 rw-p 00000000 00:00 0 
6de45000-6de5a000 rw-p 00000000 00:00 0 
6de5a000-6df8b000 rw-p 00000000 00:00 0 
6df8b000-6df96000 rw-p 00000000 00:00 0 
6df96000-6e02f000 rw-p 00000000 00:00 0 
6e02f000-6f030000 rw-p 00000000 00:00 0 
6f030000-76030000 rw-p 00000000 00:00 0 
76030000-78900000 rw-p 00000000 00:00 0 
78900000-9ed90000 rw-p 00000000 00:00 0 
9ed90000-a01f0000 rw-p 00000000 00:00 0 
a01f0000-b3430000 rw-p 00000000 00:00 0 
b3433000-b343c000 rw-p 00000000 00:00 0 
b343c000-b34f3000 rw-p 00000000 00:00 0 
b34f3000-b3733000 rwxp 00000000 00:00 0 
b3733000-b64f3000 rw-p 00000000 00:00 0 
b64f3000-b64fe000 r-xp 00000000 08:01 5243792    /lib/i386-linux-gnu/libnss_files-2.17.so
b64fe000-b64ff000 r--p 0000a000 08:01 5243792    /lib/i386-linux-gnu/libnss_files-2.17.so
b64ff000-b6500000 rw-p 0000b000 08:01 5243792    /lib/i386-linux-gnu/libnss_files-2.17.so
b6500000-b655e000 rw-p 00000000 00:00 0 
b655e000-b6600000 ---p 00000000 00:00 0 
b6605000-b660f000 r-xp 00000000 08:01 5243796    /lib/i386-linux-gnu/libnss_nis-2.17.so
b660f000-b6610000 r--p 00009000 08:01 5243796    /lib/i386-linux-gnu/libnss_nis-2.17.so
b6610000-b6611000 rw-p 0000a000 08:01 5243796    /lib/i386-linux-gnu/libnss_nis-2.17.so
b6611000-b6626000 r-xp 00000000 08:01 5243786    /lib/i386-linux-gnu/libnsl-2.17.so
b6626000-b6627000 r--p 00014000 08:01 5243786    /lib/i386-linux-gnu/libnsl-2.17.so
b6627000-b6628000 rw-p 00015000 08:01 5243786    /lib/i386-linux-gnu/libnsl-2.17.so
b6628000-b662a000 rw-p 00000000 00:00 0 
b662a000-b6631000 r-xp 00000000 08:01 5243788    /lib/i386-linux-gnu/libnss_compat-2.17.so
b6631000-b6632000 r--p 00006000 08:01 5243788    /lib/i386-linux-gnu/libnss_compat-2.17.so
b6632000-b6633000 rw-p 00007000 08:01 5243788    /lib/i386-linux-gnu/libnss_compat-2.17.so
b6637000-b663f000 r-xp 00000000 08:01 664443     /usr/lib/jvm/java-7-openjdk-i386/jre/lib/i386/libzip.so
b663f000-b6640000 r--p 00007000 08:01 664443     /usr/lib/jvm/java-7-openjdk-i386/jre/lib/i386/libzip.so
b6640000-b6641000 rw-p 00008000 08:01 664443     /usr/lib/jvm/java-7-openjdk-i386/jre/lib/i386/libzip.so
b6641000-b6649000 rw-s 00000000 08:01 10092602   /tmp/hsperfdata_heiko/12419
b6649000-b6670000 r-xp 00000000 08:01 664475     /usr/lib/jvm/java-7-openjdk-i386/jre/lib/i386/libjava.so
b6670000-b6671000 r--p 00026000 08:01 664475     /usr/lib/jvm/java-7-openjdk-i386/jre/lib/i386/libjava.so
b6671000-b6672000 rw-p 00027000 08:01 664475     /usr/lib/jvm/java-7-openjdk-i386/jre/lib/i386/libjava.so
b6672000-b6679000 r-xp 00000000 08:01 5243839    /lib/i386-linux-gnu/librt-2.17.so
b6679000-b667a000 r--p 00006000 08:01 5243839    /lib/i386-linux-gnu/librt-2.17.so
b667a000-b667b000 rw-p 00007000 08:01 5243839    /lib/i386-linux-gnu/librt-2.17.so
b667b000-b667e000 ---p 00000000 00:00 0 
b667e000-b66cc000 rw-p 00000000 00:00 0          [stack:12426]
b66cc000-b66e7000 r-xp 00000000 08:01 5243744    /lib/i386-linux-gnu/libgcc_s.so.1
b66e7000-b66e8000 r--p 0001a000 08:01 5243744    /lib/i386-linux-gnu/libgcc_s.so.1
b66e8000-b66e9000 rw-p 0001b000 08:01 5243744    /lib/i386-linux-gnu/libgcc_s.so.1
b66e9000-b672a000 r-xp 00000000 08:01 5243767    /lib/i386-linux-gnu/libm-2.17.so
b672a000-b672b000 r--p 00040000 08:01 5243767    /lib/i386-linux-gnu/libm-2.17.so
b672b000-b672c000 rw-p 00041000 08:01 5243767    /lib/i386-linux-gnu/libm-2.17.so
b672c000-b6808000 r-xp 00000000 08:01 266044     /usr/lib/i386-linux-gnu/libstdc++.so.6.0.17
b6808000-b6809000 ---p 000dc000 08:01 266044     /usr/lib/i386-linux-gnu/libstdc++.so.6.0.17
b6809000-b680d000 r--p 000dc000 08:01 266044     /usr/lib/i386-linux-gnu/libstdc++.so.6.0.17
b680d000-b680e000 rw-p 000e0000 08:01 266044     /usr/lib/i386-linux-gnu/libstdc++.so.6.0.17
b680e000-b6815000 rw-p 00000000 00:00 0 
b6815000-b7106000 r-xp 00000000 08:01 664446     /usr/lib/jvm/java-7-openjdk-i386/jre/lib/i386/server/libjvm.so
b7106000-b714d000 r--p 008f1000 08:01 664446     /usr/lib/jvm/java-7-openjdk-i386/jre/lib/i386/server/libjvm.so
b714d000-b7161000 rw-p 00938000 08:01 664446     /usr/lib/jvm/java-7-openjdk-i386/jre/lib/i386/server/libjvm.so
b7161000-b757f000 rw-p 00000000 00:00 0 
b757f000-b7596000 r-xp 00000000 08:01 5243870    /lib/i386-linux-gnu/libz.so.1.2.7
b7596000-b7597000 r--p 00016000 08:01 5243870    /lib/i386-linux-gnu/libz.so.1.2.7
b7597000-b7598000 rw-p 00017000 08:01 5243870    /lib/i386-linux-gnu/libz.so.1.2.7
b7598000-b75af000 r-xp 00000000 08:01 5243831    /lib/i386-linux-gnu/libpthread-2.17.so
b75af000-b75b0000 r--p 00016000 08:01 5243831    /lib/i386-linux-gnu/libpthread-2.17.so
b75b0000-b75b1000 rw-p 00017000 08:01 5243831    /lib/i386-linux-gnu/libpthread-2.17.so
b75b1000-b75b3000 rw-p 00000000 00:00 0 
b75b3000-b75b6000 r-xp 00000000 08:01 5243734    /lib/i386-linux-gnu/libdl-2.17.so
b75b6000-b75b7000 r--p 00002000 08:01 5243734    /lib/i386-linux-gnu/libdl-2.17.so
b75b7000-b75b8000 rw-p 00003000 08:01 5243734    /lib/i386-linux-gnu/libdl-2.17.so
b75b8000-b7765000 r-xp 00000000 08:01 5243719    /lib/i386-linux-gnu/libc-2.17.so
b7765000-b7767000 r--p 001ad000 08:01 5243719    /lib/i386-linux-gnu/libc-2.17.so
b7767000-b7768000 rw-p 001af000 08:01 5243719    /lib/i386-linux-gnu/libc-2.17.so
b7768000-b776b000 rw-p 00000000 00:00 0 
b7770000-b7771000 rw-p 00000000 00:00 0 
b7771000-b7772000 r--p 00000000 00:00 0 
b7772000-b777f000 r-xp 00000000 08:01 664453     /usr/lib/jvm/java-7-openjdk-i386/jre/lib/i386/libverify.so
b777f000-b7780000 r--p 0000d000 08:01 664453     /usr/lib/jvm/java-7-openjdk-i386/jre/lib/i386/libverify.so
b7780000-b7781000 rw-p 0000e000 08:01 664453     /usr/lib/jvm/java-7-openjdk-i386/jre/lib/i386/libverify.so
b7781000-b778e000 r-xp 00000000 08:01 664469     /usr/lib/jvm/java-7-openjdk-i386/jre/lib/i386/jli/libjli.so
b778e000-b778f000 r--p 0000c000 08:01 664469     /usr/lib/jvm/java-7-openjdk-i386/jre/lib/i386/jli/libjli.so
b778f000-b7790000 rw-p 0000d000 08:01 664469     /usr/lib/jvm/java-7-openjdk-i386/jre/lib/i386/jli/libjli.so
b7790000-b7793000 rw-p 00000000 00:00 0 
b7793000-b7794000 r-xp 00000000 00:00 0          [vdso]
b7794000-b77b4000 r-xp 00000000 08:01 5243693    /lib/i386-linux-gnu/ld-2.17.so
b77b4000-b77b5000 r--p 0001f000 08:01 5243693    /lib/i386-linux-gnu/ld-2.17.so
b77b5000-b77b6000 rw-p 00020000 08:01 5243693    /lib/i386-linux-gnu/ld-2.17.so
bfc9c000-bfcbd000 rw-p 00000000 00:00 0          [stack]

VM Arguments:
jvm_args: -Dfile.encoding=UTF-8 -Xbootclasspath:/home/heiko/android/adt-bundle-linux-x86-20130729/sdk/platforms/android-18/android.jar 
java_command: com.example.vertretungsplan.WebsiteLesen
Launcher Type: SUN_STANDARD

Environment Variables:
PATH=/usr/lib/lightdm/lightdm:/usr/local/sbin:/usr/local/bin:/usr/sbin:/usr/bin:/sbin:/bin:/usr/games:/usr/local/games
LD_LIBRARY_PATH=/usr/lib/jvm/java-7-openjdk-i386/jre/lib/i386/server:/usr/lib/jvm/java-7-openjdk-i386/jre/lib/i386:/usr/lib/jvm/java-7-openjdk-i386/jre/../lib/i386:/usr/lib/jvm/java-7-openjdk-i386/jre/lib/i386/client:/usr/lib/jvm/java-7-openjdk-i386/jre/lib/i386:
SHELL=/bin/bash
DISPLAY=:0

Signal Handlers:
SIGSEGV: [libjvm.so+0x758d30], sa_mask[0]=0x7ffbfeff, sa_flags=0x10000004
SIGBUS: [libjvm.so+0x758d30], sa_mask[0]=0x7ffbfeff, sa_flags=0x10000004
SIGFPE: [libjvm.so+0x5f4230], sa_mask[0]=0x7ffbfeff, sa_flags=0x10000004
SIGPIPE: [libjvm.so+0x5f4230], sa_mask[0]=0x7ffbfeff, sa_flags=0x10000004
SIGXFSZ: [libjvm.so+0x5f4230], sa_mask[0]=0x7ffbfeff, sa_flags=0x10000004
SIGILL: [libjvm.so+0x5f4230], sa_mask[0]=0x7ffbfeff, sa_flags=0x10000004
SIGUSR1: SIG_DFL, sa_mask[0]=0x00000000, sa_flags=0x00000000
SIGUSR2: [libjvm.so+0x5f40e0], sa_mask[0]=0x00000004, sa_flags=0x10000004
SIGHUP: SIG_DFL, sa_mask[0]=0x00000000, sa_flags=0x00000000
SIGINT: SIG_DFL, sa_mask[0]=0x00000000, sa_flags=0x00000000
SIGTERM: SIG_DFL, sa_mask[0]=0x00000000, sa_flags=0x00000000
SIGQUIT: SIG_DFL, sa_mask[0]=0x00000000, sa_flags=0x00000000


---------------  S Y S T E M  ---------------

OS:Ubuntu 13.04 (raring)
uname:Linux 3.8.0-30-generic #44-Ubuntu SMP Thu Aug 22 20:54:42 UTC 2013 i686
libc:glibc 2.17 NPTL 2.17 
rlimit: STACK 8192k, CORE 0k, NPROC 31076, NOFILE 4096, AS infinity
load average:0.87 0.87 0.67

/proc/meminfo:
MemTotal:        4008060 kB
MemFree:          244984 kB
Buffers:           12780 kB
Cached:           574664 kB
SwapCached:         1372 kB
Active:          2636112 kB
Inactive:        1039044 kB
Active(anon):    2426096 kB
Inactive(anon):   832376 kB
Active(file):     210016 kB
Inactive(file):   206668 kB
Unevictable:          32 kB
Mlocked:              32 kB
HighTotal:       3154372 kB
HighFree:          39144 kB
LowTotal:         853688 kB
LowFree:          205840 kB
SwapTotal:       4063228 kB
SwapFree:        4033404 kB
Dirty:               120 kB
Writeback:             0 kB
AnonPages:       3086780 kB
Mapped:           153416 kB
Shmem:            170756 kB
Slab:              52584 kB
SReclaimable:      31868 kB
SUnreclaim:        20716 kB
KernelStack:        3408 kB
PageTables:        15752 kB
NFS_Unstable:          0 kB
Bounce:                0 kB
WritebackTmp:          0 kB
CommitLimit:     6067256 kB
Committed_AS:    6314900 kB
VmallocTotal:     122880 kB
VmallocUsed:       17624 kB
VmallocChunk:     103304 kB
HardwareCorrupted:     0 kB
AnonHugePages:         0 kB
HugePages_Total:       0
HugePages_Free:        0
HugePages_Rsvd:        0
HugePages_Surp:        0
Hugepagesize:       2048 kB
DirectMap4k:       10232 kB
DirectMap2M:      903168 kB


CPU:total 4 (4 cores per cpu, 1 threads per core) family 6 model 58 stepping 9, cmov, cx8, fxsr, mmx, sse, sse2, sse3, ssse3, sse4.1, sse4.2, popcnt, avx, tsc, tscinvbit, tscinv

/proc/cpuinfo:
processor	: 0
vendor_id	: GenuineIntel
cpu family	: 6
model		: 58
model name	: Intel(R) Core(TM) i5-3470 CPU @ 3.20GHz
stepping	: 9
microcode	: 0x12
cpu MHz		: 1600.000
cache size	: 6144 KB
physical id	: 0
siblings	: 4
core id		: 0
cpu cores	: 4
apicid		: 0
initial apicid	: 0
fdiv_bug	: no
hlt_bug		: no
f00f_bug	: no
coma_bug	: no
fpu		: yes
fpu_exception	: yes
cpuid level	: 13
wp		: yes
flags		: fpu vme de pse tsc msr pae mce cx8 apic sep mtrr pge mca cmov pat pse36 clflush dts acpi mmx fxsr sse sse2 ss ht tm pbe nx rdtscp lm constant_tsc arch_perfmon pebs bts xtopology nonstop_tsc aperfmperf eagerfpu pni pclmulqdq dtes64 monitor ds_cpl vmx smx est tm2 ssse3 cx16 xtpr pdcm pcid sse4_1 sse4_2 x2apic popcnt tsc_deadline_timer aes xsave avx f16c rdrand lahf_lm ida arat epb xsaveopt pln pts dtherm tpr_shadow vnmi flexpriority ept vpid fsgsbase smep erms
bogomips	: 6385.69
clflush size	: 64
cache_alignment	: 64
address sizes	: 36 bits physical, 48 bits virtual
power management:

processor	: 1
vendor_id	: GenuineIntel
cpu family	: 6
model		: 58
model name	: Intel(R) Core(TM) i5-3470 CPU @ 3.20GHz
stepping	: 9
microcode	: 0x12
cpu MHz		: 3000.000
cache size	: 6144 KB
physical id	: 0
siblings	: 4
core id		: 1
cpu cores	: 4
apicid		: 2
initial apicid	: 2
fdiv_bug	: no
hlt_bug		: no
f00f_bug	: no
coma_bug	: no
fpu		: yes
fpu_exception	: yes
cpuid level	: 13
wp		: yes
flags		: fpu vme de pse tsc msr pae mce cx8 apic sep mtrr pge mca cmov pat pse36 clflush dts acpi mmx fxsr sse sse2 ss ht tm pbe nx rdtscp lm constant_tsc arch_perfmon pebs bts xtopology nonstop_tsc aperfmperf eagerfpu pni pclmulqdq dtes64 monitor ds_cpl vmx smx est tm2 ssse3 cx16 xtpr pdcm pcid sse4_1 sse4_2 x2apic popcnt tsc_deadline_timer aes xsave avx f16c rdrand lahf_lm ida arat epb xsaveopt pln pts dtherm tpr_shadow vnmi flexpriority ept vpid fsgsbase smep erms
bogomips	: 6385.69
clflush size	: 64
cache_alignment	: 64
address sizes	: 36 bits physical, 48 bits virtual
power management:

processor	: 2
vendor_id	: GenuineIntel
cpu family	: 6
model		: 58
model name	: Intel(R) Core(TM) i5-3470 CPU @ 3.20GHz
stepping	: 9
microcode	: 0x12
cpu MHz		: 2400.000
cache size	: 6144 KB
physical id	: 0
siblings	: 4
core id		: 2
cpu cores	: 4
apicid		: 4
initial apicid	: 4
fdiv_bug	: no
hlt_bug		: no
f00f_bug	: no
coma_bug	: no
fpu		: yes
fpu_exception	: yes
cpuid level	: 13
wp		: yes
flags		: fpu vme de pse tsc msr pae mce cx8 apic sep mtrr pge mca cmov pat pse36 clflush dts acpi mmx fxsr sse sse2 ss ht tm pbe nx rdtscp lm constant_tsc arch_perfmon pebs bts xtopology nonstop_tsc aperfmperf eagerfpu pni pclmulqdq dtes64 monitor ds_cpl vmx smx est tm2 ssse3 cx16 xtpr pdcm pcid sse4_1 sse4_2 x2apic popcnt tsc_deadline_timer aes xsave avx f16c rdrand lahf_lm ida arat epb xsaveopt pln pts dtherm tpr_shadow vnmi flexpriority ept vpid fsgsbase smep erms
bogomips	: 6385.69
clflush size	: 64
cache_alignment	: 64
address sizes	: 36 bits physical, 48 bits virtual
power management:

processor	: 3
vendor_id	: GenuineIntel
cpu family	: 6
model		: 58
model name	: Intel(R) Core(TM) i5-3470 CPU @ 3.20GHz
stepping	: 9
microcode	: 0x12
cpu MHz		: 1600.000
cache size	: 6144 KB
physical id	: 0
siblings	: 4
core id		: 3
cpu cores	: 4
apicid		: 6
initial apicid	: 6
fdiv_bug	: no
hlt_bug		: no
f00f_bug	: no
coma_bug	: no
fpu		: yes
fpu_exception	: yes
cpuid level	: 13
wp		: yes
flags		: fpu vme de pse tsc msr pae mce cx8 apic sep mtrr pge mca cmov pat pse36 clflush dts acpi mmx fxsr sse sse2 ss ht tm pbe nx rdtscp lm constant_tsc arch_perfmon pebs bts xtopology nonstop_tsc aperfmperf eagerfpu pni pclmulqdq dtes64 monitor ds_cpl vmx smx est tm2 ssse3 cx16 xtpr pdcm pcid sse4_1 sse4_2 x2apic popcnt tsc_deadline_timer aes xsave avx f16c rdrand lahf_lm ida arat epb xsaveopt pln pts dtherm tpr_shadow vnmi flexpriority ept vpid fsgsbase smep erms
bogomips	: 6385.69
clflush size	: 64
cache_alignment	: 64
address sizes	: 36 bits physical, 48 bits virtual
power management:



Memory: 4k page, physical 4008060k(244984k free), swap 4063228k(4033404k free)

vm_info: OpenJDK Server VM (23.7-b01) for linux-x86 JRE (1.7.0_25-b30), built on Jul  3 2013 13:58:32 by "buildd" with gcc 4.7.3

time: Thu Sep 19 16:25:05 2013
elapsed time: 0 seconds

