#
# A fatal error has been detected by the Java Runtime Environment:
#
#  Internal Error (javaClasses.cpp:129), pid=15264, tid=3060468544
#  fatal error: Invalid layout of preloaded class
#
# JRE version: 7.0_25-b30
# Java VM: OpenJDK Server VM (23.7-b01 mixed mode linux-x86 )
# Failed to write core dump. Core dumps have been disabled. To enable core dumping, try "ulimit -c unlimited" before starting Java again
#
# If you would like to submit a bug report, please include
# instructions on how to reproduce the bug and visit:
#   https://bugs.launchpad.net/ubuntu/+source/openjdk-7/
#

---------------  T H R E A D  ---------------

Current thread (0xb6506800):  JavaThread "Unknown thread" [_thread_in_vm, id=15273, stack(0xb6660000,0xb66b1000)]

Stack: [0xb6660000,0xb66b1000]
[error occurred during error reporting (printing stack bounds), id 0xb]


[error occurred during error reporting (printing native stack), id 0xb]


---------------  P R O C E S S  ---------------

Java Threads: ( => current thread )

Other Threads:

=>0xb6506800 (exited) JavaThread "Unknown thread" [_thread_in_vm, id=15273, stack(0xb6660000,0xb66b1000)]

VM state:not at safepoint (not fully initialized)

VM Mutex/Monitor currently owned by a thread: None

GC Heap History (0 events):
No events

Deoptimization events (0 events):
No events

Internal exceptions (0 events):
No events

Events (10 events):
Event: 0.112 loading class 0xb6534658 done
Event: 0.112 loading class 0xb6533f98 done
Event: 0.112 loading class 0xb6533f70
Event: 0.113 loading class 0xb6553ff8
Event: 0.113 loading class 0xb6553ff8 done
Event: 0.113 loading class 0xb6554030
Event: 0.113 loading class 0xb6554030 done
Event: 0.113 loading class 0xb6554068
Event: 0.113 loading class 0xb6554068 done
Event: 0.113 loading class 0xb6533f70 done


Dynamic libraries:
08048000-08049000 r-xp 00000000 08:01 528974     /usr/lib/jvm/java-7-openjdk-i386/jre/bin/java
08049000-0804a000 r--p 00000000 08:01 528974     /usr/lib/jvm/java-7-openjdk-i386/jre/bin/java
0804a000-0804b000 rw-p 00001000 08:01 528974     /usr/lib/jvm/java-7-openjdk-i386/jre/bin/java
0907d000-0909e000 rw-p 00000000 00:00 0          [heap]
6a6c4000-6a78e000 r--s 011ad000 08:01 4858918    /home/heiko/android/adt-bundle-linux-x86-20130729/sdk/platforms/android-18/android.jar
6a78e000-6d500000 rw-p 00000000 00:00 0 
6d500000-6d521000 rw-p 00000000 00:00 0 
6d521000-6d600000 ---p 00000000 00:00 0 
6d67f000-6d680000 ---p 00000000 00:00 0 
6d680000-6d700000 rw-p 00000000 00:00 0          [stack:15277]
6d700000-6d721000 rw-p 00000000 00:00 0 
6d721000-6d800000 ---p 00000000 00:00 0 
6d800000-6d821000 rw-p 00000000 00:00 0 
6d821000-6d900000 ---p 00000000 00:00 0 
6d97f000-6d980000 ---p 00000000 00:00 0 
6d980000-6da00000 rw-p 00000000 00:00 0          [stack:15276]
6da00000-6da21000 rw-p 00000000 00:00 0 
6da21000-6db00000 ---p 00000000 00:00 0 
6db37000-6db5c000 rw-p 00000000 00:00 0 
6db5c000-6db5d000 ---p 00000000 00:00 0 
6db5d000-6dbdd000 rw-p 00000000 00:00 0          [stack:15275]
6dbdd000-6dbde000 ---p 00000000 00:00 0 
6dbde000-6dc66000 rw-p 00000000 00:00 0          [stack:15274]
6dc66000-6dc9e000 rw-p 00000000 00:00 0 
6dc9e000-6dcb3000 rw-p 00000000 00:00 0 
6dcb3000-6dde5000 rw-p 00000000 00:00 0 
6dde5000-6dded000 rw-p 00000000 00:00 0 
6dded000-6de25000 rw-p 00000000 00:00 0 
6de25000-6de3a000 rw-p 00000000 00:00 0 
6de3a000-6df6b000 rw-p 00000000 00:00 0 
6df6b000-6df76000 rw-p 00000000 00:00 0 
6df76000-6e00f000 rw-p 00000000 00:00 0 
6e00f000-6f010000 rw-p 00000000 00:00 0 
6f010000-76010000 rw-p 00000000 00:00 0 
76010000-788e0000 rw-p 00000000 00:00 0 
788e0000-9ed70000 rw-p 00000000 00:00 0 
9ed70000-a01d0000 rw-p 00000000 00:00 0 
a01d0000-b3410000 rw-p 00000000 00:00 0 
b341a000-b3423000 rw-p 00000000 00:00 0 
b3423000-b34da000 rw-p 00000000 00:00 0 
b34da000-b371a000 rwxp 00000000 00:00 0 
b371a000-b64da000 rw-p 00000000 00:00 0 
b64da000-b64e5000 r-xp 00000000 08:01 5243792    /lib/i386-linux-gnu/libnss_files-2.17.so
b64e5000-b64e6000 r--p 0000a000 08:01 5243792    /lib/i386-linux-gnu/libnss_files-2.17.so
b64e6000-b64e7000 rw-p 0000b000 08:01 5243792    /lib/i386-linux-gnu/libnss_files-2.17.so
b64e7000-b64fc000 r-xp 00000000 08:01 5243786    /lib/i386-linux-gnu/libnsl-2.17.so
b64fc000-b64fd000 r--p 00014000 08:01 5243786    /lib/i386-linux-gnu/libnsl-2.17.so
b64fd000-b64fe000 rw-p 00015000 08:01 5243786    /lib/i386-linux-gnu/libnsl-2.17.so
b64fe000-b6500000 rw-p 00000000 00:00 0 
b6500000-b655e000 rw-p 00000000 00:00 0 
b655e000-b6600000 ---p 00000000 00:00 0 
b6603000-b660d000 r-xp 00000000 08:01 5243796    /lib/i386-linux-gnu/libnss_nis-2.17.so
b660d000-b660e000 r--p 00009000 08:01 5243796    /lib/i386-linux-gnu/libnss_nis-2.17.so
b660e000-b660f000 rw-p 0000a000 08:01 5243796    /lib/i386-linux-gnu/libnss_nis-2.17.so
b660f000-b6616000 r-xp 00000000 08:01 5243788    /lib/i386-linux-gnu/libnss_compat-2.17.so
b6616000-b6617000 r--p 00006000 08:01 5243788    /lib/i386-linux-gnu/libnss_compat-2.17.so
b6617000-b6618000 rw-p 00007000 08:01 5243788    /lib/i386-linux-gnu/libnss_compat-2.17.so
b661c000-b6624000 r-xp 00000000 08:01 664443     /usr/lib/jvm/java-7-openjdk-i386/jre/lib/i386/libzip.so
b6624000-b6625000 r--p 00007000 08:01 664443     /usr/lib/jvm/java-7-openjdk-i386/jre/lib/i386/libzip.so
b6625000-b6626000 rw-p 00008000 08:01 664443     /usr/lib/jvm/java-7-openjdk-i386/jre/lib/i386/libzip.so
b6626000-b662e000 rw-s 00000000 08:01 10092570   /tmp/hsperfdata_heiko/15264
b662e000-b6655000 r-xp 00000000 08:01 664475     /usr/lib/jvm/java-7-openjdk-i386/jre/lib/i386/libjava.so
b6655000-b6656000 r--p 00026000 08:01 664475     /usr/lib/jvm/java-7-openjdk-i386/jre/lib/i386/libjava.so
b6656000-b6657000 rw-p 00027000 08:01 664475     /usr/lib/jvm/java-7-openjdk-i386/jre/lib/i386/libjava.so
b6657000-b665e000 r-xp 00000000 08:01 5243839    /lib/i386-linux-gnu/librt-2.17.so
b665e000-b665f000 r--p 00006000 08:01 5243839    /lib/i386-linux-gnu/librt-2.17.so
b665f000-b6660000 rw-p 00007000 08:01 5243839    /lib/i386-linux-gnu/librt-2.17.so
b6660000-b6663000 ---p 00000000 00:00 0 
b6663000-b66b1000 rw-p 00000000 00:00 0          [stack:15273]
b66b1000-b66cc000 r-xp 00000000 08:01 5243744    /lib/i386-linux-gnu/libgcc_s.so.1
b66cc000-b66cd000 r--p 0001a000 08:01 5243744    /lib/i386-linux-gnu/libgcc_s.so.1
b66cd000-b66ce000 rw-p 0001b000 08:01 5243744    /lib/i386-linux-gnu/libgcc_s.so.1
b66ce000-b670f000 r-xp 00000000 08:01 5243767    /lib/i386-linux-gnu/libm-2.17.so
b670f000-b6710000 r--p 00040000 08:01 5243767    /lib/i386-linux-gnu/libm-2.17.so
b6710000-b6711000 rw-p 00041000 08:01 5243767    /lib/i386-linux-gnu/libm-2.17.so
b6711000-b67ed000 r-xp 00000000 08:01 266044     /usr/lib/i386-linux-gnu/libstdc++.so.6.0.17
b67ed000-b67ee000 ---p 000dc000 08:01 266044     /usr/lib/i386-linux-gnu/libstdc++.so.6.0.17
b67ee000-b67f2000 r--p 000dc000 08:01 266044     /usr/lib/i386-linux-gnu/libstdc++.so.6.0.17
b67f2000-b67f3000 rw-p 000e0000 08:01 266044     /usr/lib/i386-linux-gnu/libstdc++.so.6.0.17
b67f3000-b67fa000 rw-p 00000000 00:00 0 
b67fa000-b70eb000 r-xp 00000000 08:01 664446     /usr/lib/jvm/java-7-openjdk-i386/jre/lib/i386/server/libjvm.so
b70eb000-b7132000 r--p 008f1000 08:01 664446     /usr/lib/jvm/java-7-openjdk-i386/jre/lib/i386/server/libjvm.so
b7132000-b7146000 rw-p 00938000 08:01 664446     /usr/lib/jvm/java-7-openjdk-i386/jre/lib/i386/server/libjvm.so
b7146000-b7564000 rw-p 00000000 00:00 0 
b7564000-b757b000 r-xp 00000000 08:01 5243870    /lib/i386-linux-gnu/libz.so.1.2.7
b757b000-b757c000 r--p 00016000 08:01 5243870    /lib/i386-linux-gnu/libz.so.1.2.7
b757c000-b757d000 rw-p 00017000 08:01 5243870    /lib/i386-linux-gnu/libz.so.1.2.7
b757d000-b7594000 r-xp 00000000 08:01 5243831    /lib/i386-linux-gnu/libpthread-2.17.so
b7594000-b7595000 r--p 00016000 08:01 5243831    /lib/i386-linux-gnu/libpthread-2.17.so
b7595000-b7596000 rw-p 00017000 08:01 5243831    /lib/i386-linux-gnu/libpthread-2.17.so
b7596000-b7598000 rw-p 00000000 00:00 0 
b7598000-b759b000 r-xp 00000000 08:01 5243734    /lib/i386-linux-gnu/libdl-2.17.so
b759b000-b759c000 r--p 00002000 08:01 5243734    /lib/i386-linux-gnu/libdl-2.17.so
b759c000-b759d000 rw-p 00003000 08:01 5243734    /lib/i386-linux-gnu/libdl-2.17.so
b759d000-b774a000 r-xp 00000000 08:01 5243719    /lib/i386-linux-gnu/libc-2.17.so
b774a000-b774c000 r--p 001ad000 08:01 5243719    /lib/i386-linux-gnu/libc-2.17.so
b774c000-b774d000 rw-p 001af000 08:01 5243719    /lib/i386-linux-gnu/libc-2.17.so
b774d000-b7750000 rw-p 00000000 00:00 0 
b7755000-b7756000 rw-p 00000000 00:00 0 
b7756000-b7757000 r--p 00000000 00:00 0 
b7757000-b7764000 r-xp 00000000 08:01 664453     /usr/lib/jvm/java-7-openjdk-i386/jre/lib/i386/libverify.so
b7764000-b7765000 r--p 0000d000 08:01 664453     /usr/lib/jvm/java-7-openjdk-i386/jre/lib/i386/libverify.so
b7765000-b7766000 rw-p 0000e000 08:01 664453     /usr/lib/jvm/java-7-openjdk-i386/jre/lib/i386/libverify.so
b7766000-b7773000 r-xp 00000000 08:01 664469     /usr/lib/jvm/java-7-openjdk-i386/jre/lib/i386/jli/libjli.so
b7773000-b7774000 r--p 0000c000 08:01 664469     /usr/lib/jvm/java-7-openjdk-i386/jre/lib/i386/jli/libjli.so
b7774000-b7775000 rw-p 0000d000 08:01 664469     /usr/lib/jvm/java-7-openjdk-i386/jre/lib/i386/jli/libjli.so
b7775000-b7778000 rw-p 00000000 00:00 0 
b7778000-b7779000 r-xp 00000000 00:00 0          [vdso]
b7779000-b7799000 r-xp 00000000 08:01 5243693    /lib/i386-linux-gnu/ld-2.17.so
b7799000-b779a000 r--p 0001f000 08:01 5243693    /lib/i386-linux-gnu/ld-2.17.so
b779a000-b779b000 rw-p 00020000 08:01 5243693    /lib/i386-linux-gnu/ld-2.17.so
bfc7b000-bfc9c000 rw-p 00000000 00:00 0          [stack]

VM Arguments:
jvm_args: -Dfile.encoding=UTF-8 -Xbootclasspath:/home/heiko/android/adt-bundle-linux-x86-20130729/sdk/platforms/android-18/android.jar 
java_command: com.example.vertretungsplan.WebsiteLesen
Launcher Type: SUN_STANDARD

Environment Variables:
PATH=/usr/lib/lightdm/lightdm:/usr/local/sbin:/usr/local/bin:/usr/sbin:/usr/bin:/sbin:/bin:/usr/games:/usr/local/games
LD_LIBRARY_PATH=/usr/lib/jvm/java-7-openjdk-i386/jre/lib/i386/server:/usr/lib/jvm/java-7-openjdk-i386/jre/lib/i386:/usr/lib/jvm/java-7-openjdk-i386/jre/../lib/i386:/usr/lib/jvm/java-7-openjdk-i386/jre/lib/i386/client:/usr/lib/jvm/java-7-openjdk-i386/jre/lib/i386:
SHELL=/bin/bash
DISPLAY=:0

Signal Handlers:
SIGSEGV: [libjvm.so+0x758d30], sa_mask[0]=0x7ffbfeff, sa_flags=0x10000004
SIGBUS: [libjvm.so+0x758d30], sa_mask[0]=0x7ffbfeff, sa_flags=0x10000004
SIGFPE: [libjvm.so+0x5f4230], sa_mask[0]=0x7ffbfeff, sa_flags=0x10000004
SIGPIPE: [libjvm.so+0x5f4230], sa_mask[0]=0x7ffbfeff, sa_flags=0x10000004
SIGXFSZ: [libjvm.so+0x5f4230], sa_mask[0]=0x7ffbfeff, sa_flags=0x10000004
SIGILL: [libjvm.so+0x5f4230], sa_mask[0]=0x7ffbfeff, sa_flags=0x10000004
SIGUSR1: SIG_DFL, sa_mask[0]=0x00000000, sa_flags=0x00000000
SIGUSR2: [libjvm.so+0x5f40e0], sa_mask[0]=0x00000004, sa_flags=0x10000004
SIGHUP: SIG_DFL, sa_mask[0]=0x00000000, sa_flags=0x00000000
SIGINT: SIG_DFL, sa_mask[0]=0x00000000, sa_flags=0x00000000
SIGTERM: SIG_DFL, sa_mask[0]=0x00000000, sa_flags=0x00000000
SIGQUIT: SIG_DFL, sa_mask[0]=0x00000000, sa_flags=0x00000000


---------------  S Y S T E M  ---------------

OS:Ubuntu 13.04 (raring)
uname:Linux 3.8.0-30-generic #44-Ubuntu SMP Thu Aug 22 20:54:42 UTC 2013 i686
libc:glibc 2.17 NPTL 2.17 
rlimit: STACK 8192k, CORE 0k, NPROC 31076, NOFILE 4096, AS infinity
load average:0.77 0.69 0.69

/proc/meminfo:
MemTotal:        4008060 kB
MemFree:          246600 kB
Buffers:           69964 kB
Cached:           671508 kB
SwapCached:         1252 kB
Active:          2564100 kB
Inactive:        1083132 kB
Active(anon):    2302268 kB
Inactive(anon):   827120 kB
Active(file):     261832 kB
Inactive(file):   256012 kB
Unevictable:          32 kB
Mlocked:              32 kB
HighTotal:       3154372 kB
HighFree:          96188 kB
LowTotal:         853688 kB
LowFree:          150412 kB
SwapTotal:       4063228 kB
SwapFree:        4016048 kB
Dirty:               356 kB
Writeback:             0 kB
AnonPages:       2904684 kB
Mapped:           158380 kB
Shmem:            223560 kB
Slab:              80720 kB
SReclaimable:      61880 kB
SUnreclaim:        18840 kB
KernelStack:        3216 kB
PageTables:        13580 kB
NFS_Unstable:          0 kB
Bounce:                0 kB
WritebackTmp:          0 kB
CommitLimit:     6067256 kB
Committed_AS:    6069404 kB
VmallocTotal:     122880 kB
VmallocUsed:       17624 kB
VmallocChunk:     103256 kB
HardwareCorrupted:     0 kB
AnonHugePages:         0 kB
HugePages_Total:       0
HugePages_Free:        0
HugePages_Rsvd:        0
HugePages_Surp:        0
Hugepagesize:       2048 kB
DirectMap4k:       10232 kB
DirectMap2M:      903168 kB


CPU:total 4 (4 cores per cpu, 1 threads per core) family 6 model 58 stepping 9, cmov, cx8, fxsr, mmx, sse, sse2, sse3, ssse3, sse4.1, sse4.2, popcnt, avx, tsc, tscinvbit, tscinv

/proc/cpuinfo:
processor	: 0
vendor_id	: GenuineIntel
cpu family	: 6
model		: 58
model name	: Intel(R) Core(TM) i5-3470 CPU @ 3.20GHz
stepping	: 9
microcode	: 0x12
cpu MHz		: 3201.000
cache size	: 6144 KB
physical id	: 0
siblings	: 4
core id		: 0
cpu cores	: 4
apicid		: 0
initial apicid	: 0
fdiv_bug	: no
hlt_bug		: no
f00f_bug	: no
coma_bug	: no
fpu		: yes
fpu_exception	: yes
cpuid level	: 13
wp		: yes
flags		: fpu vme de pse tsc msr pae mce cx8 apic sep mtrr pge mca cmov pat pse36 clflush dts acpi mmx fxsr sse sse2 ss ht tm pbe nx rdtscp lm constant_tsc arch_perfmon pebs bts xtopology nonstop_tsc aperfmperf eagerfpu pni pclmulqdq dtes64 monitor ds_cpl vmx smx est tm2 ssse3 cx16 xtpr pdcm pcid sse4_1 sse4_2 x2apic popcnt tsc_deadline_timer aes xsave avx f16c rdrand lahf_lm ida arat epb xsaveopt pln pts dtherm tpr_shadow vnmi flexpriority ept vpid fsgsbase smep erms
bogomips	: 6385.60
clflush size	: 64
cache_alignment	: 64
address sizes	: 36 bits physical, 48 bits virtual
power management:

processor	: 1
vendor_id	: GenuineIntel
cpu family	: 6
model		: 58
model name	: Intel(R) Core(TM) i5-3470 CPU @ 3.20GHz
stepping	: 9
microcode	: 0x12
cpu MHz		: 1600.000
cache size	: 6144 KB
physical id	: 0
siblings	: 4
core id		: 1
cpu cores	: 4
apicid		: 2
initial apicid	: 2
fdiv_bug	: no
hlt_bug		: no
f00f_bug	: no
coma_bug	: no
fpu		: yes
fpu_exception	: yes
cpuid level	: 13
wp		: yes
flags		: fpu vme de pse tsc msr pae mce cx8 apic sep mtrr pge mca cmov pat pse36 clflush dts acpi mmx fxsr sse sse2 ss ht tm pbe nx rdtscp lm constant_tsc arch_perfmon pebs bts xtopology nonstop_tsc aperfmperf eagerfpu pni pclmulqdq dtes64 monitor ds_cpl vmx smx est tm2 ssse3 cx16 xtpr pdcm pcid sse4_1 sse4_2 x2apic popcnt tsc_deadline_timer aes xsave avx f16c rdrand lahf_lm ida arat epb xsaveopt pln pts dtherm tpr_shadow vnmi flexpriority ept vpid fsgsbase smep erms
bogomips	: 6385.60
clflush size	: 64
cache_alignment	: 64
address sizes	: 36 bits physical, 48 bits virtual
power management:

processor	: 2
vendor_id	: GenuineIntel
cpu family	: 6
model		: 58
model name	: Intel(R) Core(TM) i5-3470 CPU @ 3.20GHz
stepping	: 9
microcode	: 0x12
cpu MHz		: 3201.000
cache size	: 6144 KB
physical id	: 0
siblings	: 4
core id		: 2
cpu cores	: 4
apicid		: 4
initial apicid	: 4
fdiv_bug	: no
hlt_bug		: no
f00f_bug	: no
coma_bug	: no
fpu		: yes
fpu_exception	: yes
cpuid level	: 13
wp		: yes
flags		: fpu vme de pse tsc msr pae mce cx8 apic sep mtrr pge mca cmov pat pse36 clflush dts acpi mmx fxsr sse sse2 ss ht tm pbe nx rdtscp lm constant_tsc arch_perfmon pebs bts xtopology nonstop_tsc aperfmperf eagerfpu pni pclmulqdq dtes64 monitor ds_cpl vmx smx est tm2 ssse3 cx16 xtpr pdcm pcid sse4_1 sse4_2 x2apic popcnt tsc_deadline_timer aes xsave avx f16c rdrand lahf_lm ida arat epb xsaveopt pln pts dtherm tpr_shadow vnmi flexpriority ept vpid fsgsbase smep erms
bogomips	: 6385.60
clflush size	: 64
cache_alignment	: 64
address sizes	: 36 bits physical, 48 bits virtual
power management:

processor	: 3
vendor_id	: GenuineIntel
cpu family	: 6
model		: 58
model name	: Intel(R) Core(TM) i5-3470 CPU @ 3.20GHz
stepping	: 9
microcode	: 0x12
cpu MHz		: 1600.000
cache size	: 6144 KB
physical id	: 0
siblings	: 4
core id		: 3
cpu cores	: 4
apicid		: 6
initial apicid	: 6
fdiv_bug	: no
hlt_bug		: no
f00f_bug	: no
coma_bug	: no
fpu		: yes
fpu_exception	: yes
cpuid level	: 13
wp		: yes
flags		: fpu vme de pse tsc msr pae mce cx8 apic sep mtrr pge mca cmov pat pse36 clflush dts acpi mmx fxsr sse sse2 ss ht tm pbe nx rdtscp lm constant_tsc arch_perfmon pebs bts xtopology nonstop_tsc aperfmperf eagerfpu pni pclmulqdq dtes64 monitor ds_cpl vmx smx est tm2 ssse3 cx16 xtpr pdcm pcid sse4_1 sse4_2 x2apic popcnt tsc_deadline_timer aes xsave avx f16c rdrand lahf_lm ida arat epb xsaveopt pln pts dtherm tpr_shadow vnmi flexpriority ept vpid fsgsbase smep erms
bogomips	: 6385.60
clflush size	: 64
cache_alignment	: 64
address sizes	: 36 bits physical, 48 bits virtual
power management:



Memory: 4k page, physical 4008060k(246600k free), swap 4063228k(4016048k free)

vm_info: OpenJDK Server VM (23.7-b01) for linux-x86 JRE (1.7.0_25-b30), built on Jul  3 2013 13:58:32 by "buildd" with gcc 4.7.3

time: Fri Sep 20 10:27:30 2013
elapsed time: 0 seconds

