#
# A fatal error has been detected by the Java Runtime Environment:
#
#  Internal Error (javaClasses.cpp:129), pid=4392, tid=3060067136
#  fatal error: Invalid layout of preloaded class
#
# JRE version: 7.0_25-b30
# Java VM: OpenJDK Server VM (23.7-b01 mixed mode linux-x86 )
# Failed to write core dump. Core dumps have been disabled. To enable core dumping, try "ulimit -c unlimited" before starting Java again
#
# If you would like to submit a bug report, please include
# instructions on how to reproduce the bug and visit:
#   https://bugs.launchpad.net/ubuntu/+source/openjdk-7/
#

---------------  T H R E A D  ---------------

Current thread (0xb6406800):  JavaThread "Unknown thread" [_thread_in_vm, id=4397, stack(0xb65fe000,0xb664f000)]

Stack: [0xb65fe000,0xb664f000]
[error occurred during error reporting (printing stack bounds), id 0xb]


[error occurred during error reporting (printing native stack), id 0xb]


---------------  P R O C E S S  ---------------

Java Threads: ( => current thread )

Other Threads:

=>0xb6406800 (exited) JavaThread "Unknown thread" [_thread_in_vm, id=4397, stack(0xb65fe000,0xb664f000)]

VM state:not at safepoint (not fully initialized)

VM Mutex/Monitor currently owned by a thread: None

GC Heap History (0 events):
No events

Deoptimization events (0 events):
No events

Internal exceptions (0 events):
No events

Events (10 events):
Event: 0.006 loading class 0xb6434658 done
Event: 0.006 loading class 0xb6433f98 done
Event: 0.007 loading class 0xb6433f70
Event: 0.007 loading class 0xb6453ff8
Event: 0.007 loading class 0xb6453ff8 done
Event: 0.007 loading class 0xb6454030
Event: 0.007 loading class 0xb6454030 done
Event: 0.007 loading class 0xb6454068
Event: 0.007 loading class 0xb6454068 done
Event: 0.007 loading class 0xb6433f70 done


Dynamic libraries:
08048000-08049000 r-xp 00000000 08:01 528974     /usr/lib/jvm/java-7-openjdk-i386/jre/bin/java
08049000-0804a000 r--p 00000000 08:01 528974     /usr/lib/jvm/java-7-openjdk-i386/jre/bin/java
0804a000-0804b000 rw-p 00001000 08:01 528974     /usr/lib/jvm/java-7-openjdk-i386/jre/bin/java
099f8000-09a19000 rw-p 00000000 00:00 0          [heap]
6a5c4000-6a68e000 r--s 011ad000 08:01 4858918    /home/heiko/android/adt-bundle-linux-x86-20130729/sdk/platforms/android-18/android.jar
6a68e000-6d400000 rw-p 00000000 00:00 0 
6d400000-6d421000 rw-p 00000000 00:00 0 
6d421000-6d500000 ---p 00000000 00:00 0 
6d57f000-6d580000 ---p 00000000 00:00 0 
6d580000-6d600000 rw-p 00000000 00:00 0          [stack:4401]
6d600000-6d621000 rw-p 00000000 00:00 0 
6d621000-6d700000 ---p 00000000 00:00 0 
6d77f000-6d780000 ---p 00000000 00:00 0 
6d780000-6d800000 rw-p 00000000 00:00 0          [stack:4400]
6d800000-6d821000 rw-p 00000000 00:00 0 
6d821000-6d900000 ---p 00000000 00:00 0 
6d97f000-6d980000 ---p 00000000 00:00 0 
6d980000-6da00000 rw-p 00000000 00:00 0          [stack:4399]
6da00000-6da21000 rw-p 00000000 00:00 0 
6da21000-6db00000 ---p 00000000 00:00 0 
6db4d000-6db4e000 ---p 00000000 00:00 0 
6db4e000-6dbe3000 rw-p 00000000 00:00 0          [stack:4398]
6dbe3000-6dd15000 rw-p 00000000 00:00 0 
6dd15000-6dd1d000 rw-p 00000000 00:00 0 
6dd1d000-6dd55000 rw-p 00000000 00:00 0 
6dd55000-6dd6a000 rw-p 00000000 00:00 0 
6dd6a000-6de9b000 rw-p 00000000 00:00 0 
6de9b000-6dea6000 rw-p 00000000 00:00 0 
6dea6000-6df3f000 rw-p 00000000 00:00 0 
6df3f000-6ef40000 rw-p 00000000 00:00 0 
6ef40000-75f40000 rw-p 00000000 00:00 0 
75f40000-78810000 rw-p 00000000 00:00 0 
78810000-9eca0000 rw-p 00000000 00:00 0 
9eca0000-a0100000 rw-p 00000000 00:00 0 
a0100000-b3340000 rw-p 00000000 00:00 0 
b3340000-b3349000 rw-p 00000000 00:00 0 
b3349000-b3400000 rw-p 00000000 00:00 0 
b3400000-b3640000 rwxp 00000000 00:00 0 
b3640000-b645e000 rw-p 00000000 00:00 0 
b645e000-b6500000 ---p 00000000 00:00 0 
b6516000-b6543000 rw-p 00000000 00:00 0 
b6543000-b657b000 rw-p 00000000 00:00 0 
b657b000-b6586000 r-xp 00000000 08:01 5243792    /lib/i386-linux-gnu/libnss_files-2.17.so
b6586000-b6587000 r--p 0000a000 08:01 5243792    /lib/i386-linux-gnu/libnss_files-2.17.so
b6587000-b6588000 rw-p 0000b000 08:01 5243792    /lib/i386-linux-gnu/libnss_files-2.17.so
b6588000-b6592000 r-xp 00000000 08:01 5243796    /lib/i386-linux-gnu/libnss_nis-2.17.so
b6592000-b6593000 r--p 00009000 08:01 5243796    /lib/i386-linux-gnu/libnss_nis-2.17.so
b6593000-b6594000 rw-p 0000a000 08:01 5243796    /lib/i386-linux-gnu/libnss_nis-2.17.so
b6594000-b65a9000 r-xp 00000000 08:01 5243786    /lib/i386-linux-gnu/libnsl-2.17.so
b65a9000-b65aa000 r--p 00014000 08:01 5243786    /lib/i386-linux-gnu/libnsl-2.17.so
b65aa000-b65ab000 rw-p 00015000 08:01 5243786    /lib/i386-linux-gnu/libnsl-2.17.so
b65ab000-b65ad000 rw-p 00000000 00:00 0 
b65ad000-b65b4000 r-xp 00000000 08:01 5243788    /lib/i386-linux-gnu/libnss_compat-2.17.so
b65b4000-b65b5000 r--p 00006000 08:01 5243788    /lib/i386-linux-gnu/libnss_compat-2.17.so
b65b5000-b65b6000 rw-p 00007000 08:01 5243788    /lib/i386-linux-gnu/libnss_compat-2.17.so
b65ba000-b65c2000 r-xp 00000000 08:01 664443     /usr/lib/jvm/java-7-openjdk-i386/jre/lib/i386/libzip.so
b65c2000-b65c3000 r--p 00007000 08:01 664443     /usr/lib/jvm/java-7-openjdk-i386/jre/lib/i386/libzip.so
b65c3000-b65c4000 rw-p 00008000 08:01 664443     /usr/lib/jvm/java-7-openjdk-i386/jre/lib/i386/libzip.so
b65c4000-b65cc000 rw-s 00000000 08:01 10092571   /tmp/hsperfdata_heiko/4392
b65cc000-b65f3000 r-xp 00000000 08:01 664475     /usr/lib/jvm/java-7-openjdk-i386/jre/lib/i386/libjava.so
b65f3000-b65f4000 r--p 00026000 08:01 664475     /usr/lib/jvm/java-7-openjdk-i386/jre/lib/i386/libjava.so
b65f4000-b65f5000 rw-p 00027000 08:01 664475     /usr/lib/jvm/java-7-openjdk-i386/jre/lib/i386/libjava.so
b65f5000-b65fc000 r-xp 00000000 08:01 5243839    /lib/i386-linux-gnu/librt-2.17.so
b65fc000-b65fd000 r--p 00006000 08:01 5243839    /lib/i386-linux-gnu/librt-2.17.so
b65fd000-b65fe000 rw-p 00007000 08:01 5243839    /lib/i386-linux-gnu/librt-2.17.so
b65fe000-b6601000 ---p 00000000 00:00 0 
b6601000-b664f000 rw-p 00000000 00:00 0          [stack:4397]
b664f000-b666a000 r-xp 00000000 08:01 5243744    /lib/i386-linux-gnu/libgcc_s.so.1
b666a000-b666b000 r--p 0001a000 08:01 5243744    /lib/i386-linux-gnu/libgcc_s.so.1
b666b000-b666c000 rw-p 0001b000 08:01 5243744    /lib/i386-linux-gnu/libgcc_s.so.1
b666c000-b66ad000 r-xp 00000000 08:01 5243767    /lib/i386-linux-gnu/libm-2.17.so
b66ad000-b66ae000 r--p 00040000 08:01 5243767    /lib/i386-linux-gnu/libm-2.17.so
b66ae000-b66af000 rw-p 00041000 08:01 5243767    /lib/i386-linux-gnu/libm-2.17.so
b66af000-b678b000 r-xp 00000000 08:01 266044     /usr/lib/i386-linux-gnu/libstdc++.so.6.0.17
b678b000-b678c000 ---p 000dc000 08:01 266044     /usr/lib/i386-linux-gnu/libstdc++.so.6.0.17
b678c000-b6790000 r--p 000dc000 08:01 266044     /usr/lib/i386-linux-gnu/libstdc++.so.6.0.17
b6790000-b6791000 rw-p 000e0000 08:01 266044     /usr/lib/i386-linux-gnu/libstdc++.so.6.0.17
b6791000-b6798000 rw-p 00000000 00:00 0 
b6798000-b7089000 r-xp 00000000 08:01 664446     /usr/lib/jvm/java-7-openjdk-i386/jre/lib/i386/server/libjvm.so
b7089000-b70d0000 r--p 008f1000 08:01 664446     /usr/lib/jvm/java-7-openjdk-i386/jre/lib/i386/server/libjvm.so
b70d0000-b70e4000 rw-p 00938000 08:01 664446     /usr/lib/jvm/java-7-openjdk-i386/jre/lib/i386/server/libjvm.so
b70e4000-b7502000 rw-p 00000000 00:00 0 
b7502000-b7519000 r-xp 00000000 08:01 5243870    /lib/i386-linux-gnu/libz.so.1.2.7
b7519000-b751a000 r--p 00016000 08:01 5243870    /lib/i386-linux-gnu/libz.so.1.2.7
b751a000-b751b000 rw-p 00017000 08:01 5243870    /lib/i386-linux-gnu/libz.so.1.2.7
b751b000-b7532000 r-xp 00000000 08:01 5243831    /lib/i386-linux-gnu/libpthread-2.17.so
b7532000-b7533000 r--p 00016000 08:01 5243831    /lib/i386-linux-gnu/libpthread-2.17.so
b7533000-b7534000 rw-p 00017000 08:01 5243831    /lib/i386-linux-gnu/libpthread-2.17.so
b7534000-b7536000 rw-p 00000000 00:00 0 
b7536000-b7539000 r-xp 00000000 08:01 5243734    /lib/i386-linux-gnu/libdl-2.17.so
b7539000-b753a000 r--p 00002000 08:01 5243734    /lib/i386-linux-gnu/libdl-2.17.so
b753a000-b753b000 rw-p 00003000 08:01 5243734    /lib/i386-linux-gnu/libdl-2.17.so
b753b000-b76e8000 r-xp 00000000 08:01 5243719    /lib/i386-linux-gnu/libc-2.17.so
b76e8000-b76ea000 r--p 001ad000 08:01 5243719    /lib/i386-linux-gnu/libc-2.17.so
b76ea000-b76eb000 rw-p 001af000 08:01 5243719    /lib/i386-linux-gnu/libc-2.17.so
b76eb000-b76ee000 rw-p 00000000 00:00 0 
b76f3000-b76f4000 rw-p 00000000 00:00 0 
b76f4000-b76f5000 r--p 00000000 00:00 0 
b76f5000-b7702000 r-xp 00000000 08:01 664453     /usr/lib/jvm/java-7-openjdk-i386/jre/lib/i386/libverify.so
b7702000-b7703000 r--p 0000d000 08:01 664453     /usr/lib/jvm/java-7-openjdk-i386/jre/lib/i386/libverify.so
b7703000-b7704000 rw-p 0000e000 08:01 664453     /usr/lib/jvm/java-7-openjdk-i386/jre/lib/i386/libverify.so
b7704000-b7711000 r-xp 00000000 08:01 664469     /usr/lib/jvm/java-7-openjdk-i386/jre/lib/i386/jli/libjli.so
b7711000-b7712000 r--p 0000c000 08:01 664469     /usr/lib/jvm/java-7-openjdk-i386/jre/lib/i386/jli/libjli.so
b7712000-b7713000 rw-p 0000d000 08:01 664469     /usr/lib/jvm/java-7-openjdk-i386/jre/lib/i386/jli/libjli.so
b7713000-b7716000 rw-p 00000000 00:00 0 
b7716000-b7717000 r-xp 00000000 00:00 0          [vdso]
b7717000-b7737000 r-xp 00000000 08:01 5243693    /lib/i386-linux-gnu/ld-2.17.so
b7737000-b7738000 r--p 0001f000 08:01 5243693    /lib/i386-linux-gnu/ld-2.17.so
b7738000-b7739000 rw-p 00020000 08:01 5243693    /lib/i386-linux-gnu/ld-2.17.so
bfb5f000-bfb80000 rw-p 00000000 00:00 0          [stack]

VM Arguments:
jvm_args: -Dfile.encoding=UTF-8 -Xbootclasspath:/home/heiko/android/adt-bundle-linux-x86-20130729/sdk/platforms/android-18/android.jar 
java_command: com.example.vertretungsplan.WebsiteLesen
Launcher Type: SUN_STANDARD

Environment Variables:
PATH=/usr/lib/lightdm/lightdm:/usr/local/sbin:/usr/local/bin:/usr/sbin:/usr/bin:/sbin:/bin:/usr/games:/usr/local/games
LD_LIBRARY_PATH=/usr/lib/jvm/java-7-openjdk-i386/jre/lib/i386/server:/usr/lib/jvm/java-7-openjdk-i386/jre/lib/i386:/usr/lib/jvm/java-7-openjdk-i386/jre/../lib/i386:/usr/lib/jvm/java-7-openjdk-i386/jre/lib/i386/client:/usr/lib/jvm/java-7-openjdk-i386/jre/lib/i386:
SHELL=/bin/bash
DISPLAY=:0

Signal Handlers:
SIGSEGV: [libjvm.so+0x758d30], sa_mask[0]=0x7ffbfeff, sa_flags=0x10000004
SIGBUS: [libjvm.so+0x758d30], sa_mask[0]=0x7ffbfeff, sa_flags=0x10000004
SIGFPE: [libjvm.so+0x5f4230], sa_mask[0]=0x7ffbfeff, sa_flags=0x10000004
SIGPIPE: [libjvm.so+0x5f4230], sa_mask[0]=0x7ffbfeff, sa_flags=0x10000004
SIGXFSZ: [libjvm.so+0x5f4230], sa_mask[0]=0x7ffbfeff, sa_flags=0x10000004
SIGILL: [libjvm.so+0x5f4230], sa_mask[0]=0x7ffbfeff, sa_flags=0x10000004
SIGUSR1: SIG_DFL, sa_mask[0]=0x00000000, sa_flags=0x00000000
SIGUSR2: [libjvm.so+0x5f40e0], sa_mask[0]=0x00000004, sa_flags=0x10000004
SIGHUP: SIG_DFL, sa_mask[0]=0x00000000, sa_flags=0x00000000
SIGINT: SIG_DFL, sa_mask[0]=0x00000000, sa_flags=0x00000000
SIGTERM: SIG_DFL, sa_mask[0]=0x00000000, sa_flags=0x00000000
SIGQUIT: SIG_DFL, sa_mask[0]=0x00000000, sa_flags=0x00000000


---------------  S Y S T E M  ---------------

OS:Ubuntu 13.04 (raring)
uname:Linux 3.8.0-30-generic #44-Ubuntu SMP Thu Aug 22 20:54:42 UTC 2013 i686
libc:glibc 2.17 NPTL 2.17 
rlimit: STACK 8192k, CORE 0k, NPROC 31076, NOFILE 4096, AS infinity
load average:1.42 0.98 0.68

/proc/meminfo:
MemTotal:        4008060 kB
MemFree:          235644 kB
Buffers:           39436 kB
Cached:           979504 kB
SwapCached:          820 kB
Active:          2446644 kB
Inactive:        1226248 kB
Active(anon):    2015000 kB
Inactive(anon):   808428 kB
Active(file):     431644 kB
Inactive(file):   417820 kB
Unevictable:          32 kB
Mlocked:              32 kB
HighTotal:       3154372 kB
HighFree:          64892 kB
LowTotal:         853688 kB
LowFree:          170752 kB
SwapTotal:       4063228 kB
SwapFree:        4048132 kB
Dirty:               288 kB
Writeback:             0 kB
AnonPages:       2653256 kB
Mapped:           156340 kB
Shmem:            169372 kB
Slab:              67152 kB
SReclaimable:      49088 kB
SUnreclaim:        18064 kB
KernelStack:        3248 kB
PageTables:        12996 kB
NFS_Unstable:          0 kB
Bounce:                0 kB
WritebackTmp:          0 kB
CommitLimit:     6067256 kB
Committed_AS:    5678304 kB
VmallocTotal:     122880 kB
VmallocUsed:       17624 kB
VmallocChunk:     103256 kB
HardwareCorrupted:     0 kB
AnonHugePages:         0 kB
HugePages_Total:       0
HugePages_Free:        0
HugePages_Rsvd:        0
HugePages_Surp:        0
Hugepagesize:       2048 kB
DirectMap4k:       10232 kB
DirectMap2M:      903168 kB


CPU:total 4 (4 cores per cpu, 1 threads per core) family 6 model 58 stepping 9, cmov, cx8, fxsr, mmx, sse, sse2, sse3, ssse3, sse4.1, sse4.2, popcnt, avx, tsc, tscinvbit, tscinv

/proc/cpuinfo:
processor	: 0
vendor_id	: GenuineIntel
cpu family	: 6
model		: 58
model name	: Intel(R) Core(TM) i5-3470 CPU @ 3.20GHz
stepping	: 9
microcode	: 0x12
cpu MHz		: 3201.000
cache size	: 6144 KB
physical id	: 0
siblings	: 4
core id		: 0
cpu cores	: 4
apicid		: 0
initial apicid	: 0
fdiv_bug	: no
hlt_bug		: no
f00f_bug	: no
coma_bug	: no
fpu		: yes
fpu_exception	: yes
cpuid level	: 13
wp		: yes
flags		: fpu vme de pse tsc msr pae mce cx8 apic sep mtrr pge mca cmov pat pse36 clflush dts acpi mmx fxsr sse sse2 ss ht tm pbe nx rdtscp lm constant_tsc arch_perfmon pebs bts xtopology nonstop_tsc aperfmperf eagerfpu pni pclmulqdq dtes64 monitor ds_cpl vmx smx est tm2 ssse3 cx16 xtpr pdcm pcid sse4_1 sse4_2 x2apic popcnt tsc_deadline_timer aes xsave avx f16c rdrand lahf_lm ida arat epb xsaveopt pln pts dtherm tpr_shadow vnmi flexpriority ept vpid fsgsbase smep erms
bogomips	: 6385.60
clflush size	: 64
cache_alignment	: 64
address sizes	: 36 bits physical, 48 bits virtual
power management:

processor	: 1
vendor_id	: GenuineIntel
cpu family	: 6
model		: 58
model name	: Intel(R) Core(TM) i5-3470 CPU @ 3.20GHz
stepping	: 9
microcode	: 0x12
cpu MHz		: 3201.000
cache size	: 6144 KB
physical id	: 0
siblings	: 4
core id		: 1
cpu cores	: 4
apicid		: 2
initial apicid	: 2
fdiv_bug	: no
hlt_bug		: no
f00f_bug	: no
coma_bug	: no
fpu		: yes
fpu_exception	: yes
cpuid level	: 13
wp		: yes
flags		: fpu vme de pse tsc msr pae mce cx8 apic sep mtrr pge mca cmov pat pse36 clflush dts acpi mmx fxsr sse sse2 ss ht tm pbe nx rdtscp lm constant_tsc arch_perfmon pebs bts xtopology nonstop_tsc aperfmperf eagerfpu pni pclmulqdq dtes64 monitor ds_cpl vmx smx est tm2 ssse3 cx16 xtpr pdcm pcid sse4_1 sse4_2 x2apic popcnt tsc_deadline_timer aes xsave avx f16c rdrand lahf_lm ida arat epb xsaveopt pln pts dtherm tpr_shadow vnmi flexpriority ept vpid fsgsbase smep erms
bogomips	: 6385.60
clflush size	: 64
cache_alignment	: 64
address sizes	: 36 bits physical, 48 bits virtual
power management:

processor	: 2
vendor_id	: GenuineIntel
cpu family	: 6
model		: 58
model name	: Intel(R) Core(TM) i5-3470 CPU @ 3.20GHz
stepping	: 9
microcode	: 0x12
cpu MHz		: 1600.000
cache size	: 6144 KB
physical id	: 0
siblings	: 4
core id		: 2
cpu cores	: 4
apicid		: 4
initial apicid	: 4
fdiv_bug	: no
hlt_bug		: no
f00f_bug	: no
coma_bug	: no
fpu		: yes
fpu_exception	: yes
cpuid level	: 13
wp		: yes
flags		: fpu vme de pse tsc msr pae mce cx8 apic sep mtrr pge mca cmov pat pse36 clflush dts acpi mmx fxsr sse sse2 ss ht tm pbe nx rdtscp lm constant_tsc arch_perfmon pebs bts xtopology nonstop_tsc aperfmperf eagerfpu pni pclmulqdq dtes64 monitor ds_cpl vmx smx est tm2 ssse3 cx16 xtpr pdcm pcid sse4_1 sse4_2 x2apic popcnt tsc_deadline_timer aes xsave avx f16c rdrand lahf_lm ida arat epb xsaveopt pln pts dtherm tpr_shadow vnmi flexpriority ept vpid fsgsbase smep erms
bogomips	: 6385.60
clflush size	: 64
cache_alignment	: 64
address sizes	: 36 bits physical, 48 bits virtual
power management:

processor	: 3
vendor_id	: GenuineIntel
cpu family	: 6
model		: 58
model name	: Intel(R) Core(TM) i5-3470 CPU @ 3.20GHz
stepping	: 9
microcode	: 0x12
cpu MHz		: 1600.000
cache size	: 6144 KB
physical id	: 0
siblings	: 4
core id		: 3
cpu cores	: 4
apicid		: 6
initial apicid	: 6
fdiv_bug	: no
hlt_bug		: no
f00f_bug	: no
coma_bug	: no
fpu		: yes
fpu_exception	: yes
cpuid level	: 13
wp		: yes
flags		: fpu vme de pse tsc msr pae mce cx8 apic sep mtrr pge mca cmov pat pse36 clflush dts acpi mmx fxsr sse sse2 ss ht tm pbe nx rdtscp lm constant_tsc arch_perfmon pebs bts xtopology nonstop_tsc aperfmperf eagerfpu pni pclmulqdq dtes64 monitor ds_cpl vmx smx est tm2 ssse3 cx16 xtpr pdcm pcid sse4_1 sse4_2 x2apic popcnt tsc_deadline_timer aes xsave avx f16c rdrand lahf_lm ida arat epb xsaveopt pln pts dtherm tpr_shadow vnmi flexpriority ept vpid fsgsbase smep erms
bogomips	: 6385.60
clflush size	: 64
cache_alignment	: 64
address sizes	: 36 bits physical, 48 bits virtual
power management:



Memory: 4k page, physical 4008060k(235644k free), swap 4063228k(4048132k free)

vm_info: OpenJDK Server VM (23.7-b01) for linux-x86 JRE (1.7.0_25-b30), built on Jul  3 2013 13:58:32 by "buildd" with gcc 4.7.3

time: Fri Sep 20 08:38:44 2013
elapsed time: 0 seconds

