#
# A fatal error has been detected by the Java Runtime Environment:
#
#  Internal Error (javaClasses.cpp:129), pid=12109, tid=3060087616
#  fatal error: Invalid layout of preloaded class
#
# JRE version: 7.0_25-b30
# Java VM: OpenJDK Server VM (23.7-b01 mixed mode linux-x86 )
# Failed to write core dump. Core dumps have been disabled. To enable core dumping, try "ulimit -c unlimited" before starting Java again
#
# If you would like to submit a bug report, please include
# instructions on how to reproduce the bug and visit:
#   https://bugs.launchpad.net/ubuntu/+source/openjdk-7/
#

---------------  T H R E A D  ---------------

Current thread (0xb6506800):  JavaThread "Unknown thread" [_thread_in_vm, id=12112, stack(0xb6603000,0xb6654000)]

Stack: [0xb6603000,0xb6654000]
[error occurred during error reporting (printing stack bounds), id 0xb]


[error occurred during error reporting (printing native stack), id 0xb]


---------------  P R O C E S S  ---------------

Java Threads: ( => current thread )

Other Threads:

=>0xb6506800 (exited) JavaThread "Unknown thread" [_thread_in_vm, id=12112, stack(0xb6603000,0xb6654000)]

VM state:not at safepoint (not fully initialized)

VM Mutex/Monitor currently owned by a thread: None

GC Heap History (0 events):
No events

Deoptimization events (0 events):
No events

Internal exceptions (0 events):
No events

Events (10 events):
Event: 0.005 loading class 0xb6534658 done
Event: 0.006 loading class 0xb6533f98 done
Event: 0.006 loading class 0xb6533f70
Event: 0.006 loading class 0xb6553ff8
Event: 0.006 loading class 0xb6553ff8 done
Event: 0.006 loading class 0xb6554030
Event: 0.006 loading class 0xb6554030 done
Event: 0.006 loading class 0xb6554068
Event: 0.006 loading class 0xb6554068 done
Event: 0.006 loading class 0xb6533f70 done


Dynamic libraries:
08048000-08049000 r-xp 00000000 08:01 528974     /usr/lib/jvm/java-7-openjdk-i386/jre/bin/java
08049000-0804a000 r--p 00000000 08:01 528974     /usr/lib/jvm/java-7-openjdk-i386/jre/bin/java
0804a000-0804b000 rw-p 00001000 08:01 528974     /usr/lib/jvm/java-7-openjdk-i386/jre/bin/java
0811a000-0813b000 rw-p 00000000 00:00 0          [heap]
6a5c4000-6a68e000 r--s 011ad000 08:01 4858918    /home/heiko/android/adt-bundle-linux-x86-20130729/sdk/platforms/android-18/android.jar
6a68e000-6d400000 rw-p 00000000 00:00 0 
6d400000-6d421000 rw-p 00000000 00:00 0 
6d421000-6d500000 ---p 00000000 00:00 0 
6d57f000-6d580000 ---p 00000000 00:00 0 
6d580000-6d600000 rw-p 00000000 00:00 0          [stack:12118]
6d600000-6d621000 rw-p 00000000 00:00 0 
6d621000-6d700000 ---p 00000000 00:00 0 
6d77f000-6d780000 ---p 00000000 00:00 0 
6d780000-6d800000 rw-p 00000000 00:00 0          [stack:12115]
6d800000-6d821000 rw-p 00000000 00:00 0 
6d821000-6d900000 ---p 00000000 00:00 0 
6d97f000-6d980000 ---p 00000000 00:00 0 
6d980000-6da00000 rw-p 00000000 00:00 0          [stack:12114]
6da00000-6da21000 rw-p 00000000 00:00 0 
6da21000-6db00000 ---p 00000000 00:00 0 
6db58000-6db7d000 rw-p 00000000 00:00 0 
6db7d000-6db7e000 ---p 00000000 00:00 0 
6db7e000-6dc06000 rw-p 00000000 00:00 0          [stack:12113]
6dc06000-6dc3e000 rw-p 00000000 00:00 0 
6dc3e000-6dc53000 rw-p 00000000 00:00 0 
6dc53000-6dd85000 rw-p 00000000 00:00 0 
6dd85000-6dd8d000 rw-p 00000000 00:00 0 
6dd8d000-6ddc5000 rw-p 00000000 00:00 0 
6ddc5000-6ddda000 rw-p 00000000 00:00 0 
6ddda000-6df0b000 rw-p 00000000 00:00 0 
6df0b000-6df16000 rw-p 00000000 00:00 0 
6df16000-6dfaf000 rw-p 00000000 00:00 0 
6dfaf000-6efb0000 rw-p 00000000 00:00 0 
6efb0000-75fb0000 rw-p 00000000 00:00 0 
75fb0000-78880000 rw-p 00000000 00:00 0 
78880000-9ed10000 rw-p 00000000 00:00 0 
9ed10000-a0170000 rw-p 00000000 00:00 0 
a0170000-b33b0000 rw-p 00000000 00:00 0 
b33bd000-b33c6000 rw-p 00000000 00:00 0 
b33c6000-b347d000 rw-p 00000000 00:00 0 
b347d000-b36bd000 rwxp 00000000 00:00 0 
b36bd000-b647d000 rw-p 00000000 00:00 0 
b647d000-b6488000 r-xp 00000000 08:01 5243792    /lib/i386-linux-gnu/libnss_files-2.17.so
b6488000-b6489000 r--p 0000a000 08:01 5243792    /lib/i386-linux-gnu/libnss_files-2.17.so
b6489000-b648a000 rw-p 0000b000 08:01 5243792    /lib/i386-linux-gnu/libnss_files-2.17.so
b648a000-b6494000 r-xp 00000000 08:01 5243796    /lib/i386-linux-gnu/libnss_nis-2.17.so
b6494000-b6495000 r--p 00009000 08:01 5243796    /lib/i386-linux-gnu/libnss_nis-2.17.so
b6495000-b6496000 rw-p 0000a000 08:01 5243796    /lib/i386-linux-gnu/libnss_nis-2.17.so
b6496000-b64ab000 r-xp 00000000 08:01 5243786    /lib/i386-linux-gnu/libnsl-2.17.so
b64ab000-b64ac000 r--p 00014000 08:01 5243786    /lib/i386-linux-gnu/libnsl-2.17.so
b64ac000-b64ad000 rw-p 00015000 08:01 5243786    /lib/i386-linux-gnu/libnsl-2.17.so
b64ad000-b64af000 rw-p 00000000 00:00 0 
b64af000-b64b6000 r-xp 00000000 08:01 5243788    /lib/i386-linux-gnu/libnss_compat-2.17.so
b64b6000-b64b7000 r--p 00006000 08:01 5243788    /lib/i386-linux-gnu/libnss_compat-2.17.so
b64b7000-b64b8000 rw-p 00007000 08:01 5243788    /lib/i386-linux-gnu/libnss_compat-2.17.so
b64bc000-b64c4000 r-xp 00000000 08:01 664443     /usr/lib/jvm/java-7-openjdk-i386/jre/lib/i386/libzip.so
b64c4000-b64c5000 r--p 00007000 08:01 664443     /usr/lib/jvm/java-7-openjdk-i386/jre/lib/i386/libzip.so
b64c5000-b64c6000 rw-p 00008000 08:01 664443     /usr/lib/jvm/java-7-openjdk-i386/jre/lib/i386/libzip.so
b64c6000-b64ce000 rw-s 00000000 08:01 10092594   /tmp/hsperfdata_heiko/12109
b64ce000-b64f5000 r-xp 00000000 08:01 664475     /usr/lib/jvm/java-7-openjdk-i386/jre/lib/i386/libjava.so
b64f5000-b64f6000 r--p 00026000 08:01 664475     /usr/lib/jvm/java-7-openjdk-i386/jre/lib/i386/libjava.so
b64f6000-b64f7000 rw-p 00027000 08:01 664475     /usr/lib/jvm/java-7-openjdk-i386/jre/lib/i386/libjava.so
b64f7000-b64fe000 r-xp 00000000 08:01 5243839    /lib/i386-linux-gnu/librt-2.17.so
b64fe000-b64ff000 r--p 00006000 08:01 5243839    /lib/i386-linux-gnu/librt-2.17.so
b64ff000-b6500000 rw-p 00007000 08:01 5243839    /lib/i386-linux-gnu/librt-2.17.so
b6500000-b655e000 rw-p 00000000 00:00 0 
b655e000-b6600000 ---p 00000000 00:00 0 
b6603000-b6606000 ---p 00000000 00:00 0 
b6606000-b6654000 rw-p 00000000 00:00 0          [stack:12112]
b6654000-b666f000 r-xp 00000000 08:01 5243744    /lib/i386-linux-gnu/libgcc_s.so.1
b666f000-b6670000 r--p 0001a000 08:01 5243744    /lib/i386-linux-gnu/libgcc_s.so.1
b6670000-b6671000 rw-p 0001b000 08:01 5243744    /lib/i386-linux-gnu/libgcc_s.so.1
b6671000-b66b2000 r-xp 00000000 08:01 5243767    /lib/i386-linux-gnu/libm-2.17.so
b66b2000-b66b3000 r--p 00040000 08:01 5243767    /lib/i386-linux-gnu/libm-2.17.so
b66b3000-b66b4000 rw-p 00041000 08:01 5243767    /lib/i386-linux-gnu/libm-2.17.so
b66b4000-b6790000 r-xp 00000000 08:01 266044     /usr/lib/i386-linux-gnu/libstdc++.so.6.0.17
b6790000-b6791000 ---p 000dc000 08:01 266044     /usr/lib/i386-linux-gnu/libstdc++.so.6.0.17
b6791000-b6795000 r--p 000dc000 08:01 266044     /usr/lib/i386-linux-gnu/libstdc++.so.6.0.17
b6795000-b6796000 rw-p 000e0000 08:01 266044     /usr/lib/i386-linux-gnu/libstdc++.so.6.0.17
b6796000-b679d000 rw-p 00000000 00:00 0 
b679d000-b708e000 r-xp 00000000 08:01 664446     /usr/lib/jvm/java-7-openjdk-i386/jre/lib/i386/server/libjvm.so
b708e000-b70d5000 r--p 008f1000 08:01 664446     /usr/lib/jvm/java-7-openjdk-i386/jre/lib/i386/server/libjvm.so
b70d5000-b70e9000 rw-p 00938000 08:01 664446     /usr/lib/jvm/java-7-openjdk-i386/jre/lib/i386/server/libjvm.so
b70e9000-b7507000 rw-p 00000000 00:00 0 
b7507000-b751e000 r-xp 00000000 08:01 5243870    /lib/i386-linux-gnu/libz.so.1.2.7
b751e000-b751f000 r--p 00016000 08:01 5243870    /lib/i386-linux-gnu/libz.so.1.2.7
b751f000-b7520000 rw-p 00017000 08:01 5243870    /lib/i386-linux-gnu/libz.so.1.2.7
b7520000-b7537000 r-xp 00000000 08:01 5243831    /lib/i386-linux-gnu/libpthread-2.17.so
b7537000-b7538000 r--p 00016000 08:01 5243831    /lib/i386-linux-gnu/libpthread-2.17.so
b7538000-b7539000 rw-p 00017000 08:01 5243831    /lib/i386-linux-gnu/libpthread-2.17.so
b7539000-b753b000 rw-p 00000000 00:00 0 
b753b000-b753e000 r-xp 00000000 08:01 5243734    /lib/i386-linux-gnu/libdl-2.17.so
b753e000-b753f000 r--p 00002000 08:01 5243734    /lib/i386-linux-gnu/libdl-2.17.so
b753f000-b7540000 rw-p 00003000 08:01 5243734    /lib/i386-linux-gnu/libdl-2.17.so
b7540000-b76ed000 r-xp 00000000 08:01 5243719    /lib/i386-linux-gnu/libc-2.17.so
b76ed000-b76ef000 r--p 001ad000 08:01 5243719    /lib/i386-linux-gnu/libc-2.17.so
b76ef000-b76f0000 rw-p 001af000 08:01 5243719    /lib/i386-linux-gnu/libc-2.17.so
b76f0000-b76f3000 rw-p 00000000 00:00 0 
b76f8000-b76f9000 rw-p 00000000 00:00 0 
b76f9000-b76fa000 r--p 00000000 00:00 0 
b76fa000-b7707000 r-xp 00000000 08:01 664453     /usr/lib/jvm/java-7-openjdk-i386/jre/lib/i386/libverify.so
b7707000-b7708000 r--p 0000d000 08:01 664453     /usr/lib/jvm/java-7-openjdk-i386/jre/lib/i386/libverify.so
b7708000-b7709000 rw-p 0000e000 08:01 664453     /usr/lib/jvm/java-7-openjdk-i386/jre/lib/i386/libverify.so
b7709000-b7716000 r-xp 00000000 08:01 664469     /usr/lib/jvm/java-7-openjdk-i386/jre/lib/i386/jli/libjli.so
b7716000-b7717000 r--p 0000c000 08:01 664469     /usr/lib/jvm/java-7-openjdk-i386/jre/lib/i386/jli/libjli.so
b7717000-b7718000 rw-p 0000d000 08:01 664469     /usr/lib/jvm/java-7-openjdk-i386/jre/lib/i386/jli/libjli.so
b7718000-b771b000 rw-p 00000000 00:00 0 
b771b000-b771c000 r-xp 00000000 00:00 0          [vdso]
b771c000-b773c000 r-xp 00000000 08:01 5243693    /lib/i386-linux-gnu/ld-2.17.so
b773c000-b773d000 r--p 0001f000 08:01 5243693    /lib/i386-linux-gnu/ld-2.17.so
b773d000-b773e000 rw-p 00020000 08:01 5243693    /lib/i386-linux-gnu/ld-2.17.so
bf9c1000-bf9e2000 rw-p 00000000 00:00 0          [stack]

VM Arguments:
jvm_args: -Dfile.encoding=UTF-8 -Xbootclasspath:/home/heiko/android/adt-bundle-linux-x86-20130729/sdk/platforms/android-18/android.jar 
java_command: com.example.vertretungsplan.WebsiteLesen
Launcher Type: SUN_STANDARD

Environment Variables:
PATH=/usr/lib/lightdm/lightdm:/usr/local/sbin:/usr/local/bin:/usr/sbin:/usr/bin:/sbin:/bin:/usr/games:/usr/local/games
LD_LIBRARY_PATH=/usr/lib/jvm/java-7-openjdk-i386/jre/lib/i386/server:/usr/lib/jvm/java-7-openjdk-i386/jre/lib/i386:/usr/lib/jvm/java-7-openjdk-i386/jre/../lib/i386:/usr/lib/jvm/java-7-openjdk-i386/jre/lib/i386/client:/usr/lib/jvm/java-7-openjdk-i386/jre/lib/i386:
SHELL=/bin/bash
DISPLAY=:0

Signal Handlers:
SIGSEGV: [libjvm.so+0x758d30], sa_mask[0]=0x7ffbfeff, sa_flags=0x10000004
SIGBUS: [libjvm.so+0x758d30], sa_mask[0]=0x7ffbfeff, sa_flags=0x10000004
SIGFPE: [libjvm.so+0x5f4230], sa_mask[0]=0x7ffbfeff, sa_flags=0x10000004
SIGPIPE: [libjvm.so+0x5f4230], sa_mask[0]=0x7ffbfeff, sa_flags=0x10000004
SIGXFSZ: [libjvm.so+0x5f4230], sa_mask[0]=0x7ffbfeff, sa_flags=0x10000004
SIGILL: [libjvm.so+0x5f4230], sa_mask[0]=0x7ffbfeff, sa_flags=0x10000004
SIGUSR1: SIG_DFL, sa_mask[0]=0x00000000, sa_flags=0x00000000
SIGUSR2: [libjvm.so+0x5f40e0], sa_mask[0]=0x00000004, sa_flags=0x10000004
SIGHUP: SIG_DFL, sa_mask[0]=0x00000000, sa_flags=0x00000000
SIGINT: SIG_DFL, sa_mask[0]=0x00000000, sa_flags=0x00000000
SIGTERM: SIG_DFL, sa_mask[0]=0x00000000, sa_flags=0x00000000
SIGQUIT: SIG_DFL, sa_mask[0]=0x00000000, sa_flags=0x00000000


---------------  S Y S T E M  ---------------

OS:Ubuntu 13.04 (raring)
uname:Linux 3.8.0-30-generic #44-Ubuntu SMP Thu Aug 22 20:54:42 UTC 2013 i686
libc:glibc 2.17 NPTL 2.17 
rlimit: STACK 8192k, CORE 0k, NPROC 31076, NOFILE 4096, AS infinity
load average:0.97 0.83 0.61

/proc/meminfo:
MemTotal:        4008060 kB
MemFree:          295752 kB
Buffers:           13812 kB
Cached:           611368 kB
SwapCached:         5448 kB
Active:          2570760 kB
Inactive:        1055784 kB
Active(anon):    2335976 kB
Inactive(anon):   826508 kB
Active(file):     234784 kB
Inactive(file):   229276 kB
Unevictable:          32 kB
Mlocked:              32 kB
HighTotal:       3154372 kB
HighFree:          86364 kB
LowTotal:         853688 kB
LowFree:          209388 kB
SwapTotal:       4063228 kB
SwapFree:        4033668 kB
Dirty:                96 kB
Writeback:             0 kB
AnonPages:       2996384 kB
Mapped:           140660 kB
Shmem:            161120 kB
Slab:              52624 kB
SReclaimable:      32436 kB
SUnreclaim:        20188 kB
KernelStack:        3288 kB
PageTables:        14224 kB
NFS_Unstable:          0 kB
Bounce:                0 kB
WritebackTmp:          0 kB
CommitLimit:     6067256 kB
Committed_AS:    6026664 kB
VmallocTotal:     122880 kB
VmallocUsed:       17624 kB
VmallocChunk:     103304 kB
HardwareCorrupted:     0 kB
AnonHugePages:         0 kB
HugePages_Total:       0
HugePages_Free:        0
HugePages_Rsvd:        0
HugePages_Surp:        0
Hugepagesize:       2048 kB
DirectMap4k:       10232 kB
DirectMap2M:      903168 kB


CPU:total 4 (4 cores per cpu, 1 threads per core) family 6 model 58 stepping 9, cmov, cx8, fxsr, mmx, sse, sse2, sse3, ssse3, sse4.1, sse4.2, popcnt, avx, tsc, tscinvbit, tscinv

/proc/cpuinfo:
processor	: 0
vendor_id	: GenuineIntel
cpu family	: 6
model		: 58
model name	: Intel(R) Core(TM) i5-3470 CPU @ 3.20GHz
stepping	: 9
microcode	: 0x12
cpu MHz		: 1600.000
cache size	: 6144 KB
physical id	: 0
siblings	: 4
core id		: 0
cpu cores	: 4
apicid		: 0
initial apicid	: 0
fdiv_bug	: no
hlt_bug		: no
f00f_bug	: no
coma_bug	: no
fpu		: yes
fpu_exception	: yes
cpuid level	: 13
wp		: yes
flags		: fpu vme de pse tsc msr pae mce cx8 apic sep mtrr pge mca cmov pat pse36 clflush dts acpi mmx fxsr sse sse2 ss ht tm pbe nx rdtscp lm constant_tsc arch_perfmon pebs bts xtopology nonstop_tsc aperfmperf eagerfpu pni pclmulqdq dtes64 monitor ds_cpl vmx smx est tm2 ssse3 cx16 xtpr pdcm pcid sse4_1 sse4_2 x2apic popcnt tsc_deadline_timer aes xsave avx f16c rdrand lahf_lm ida arat epb xsaveopt pln pts dtherm tpr_shadow vnmi flexpriority ept vpid fsgsbase smep erms
bogomips	: 6385.69
clflush size	: 64
cache_alignment	: 64
address sizes	: 36 bits physical, 48 bits virtual
power management:

processor	: 1
vendor_id	: GenuineIntel
cpu family	: 6
model		: 58
model name	: Intel(R) Core(TM) i5-3470 CPU @ 3.20GHz
stepping	: 9
microcode	: 0x12
cpu MHz		: 3201.000
cache size	: 6144 KB
physical id	: 0
siblings	: 4
core id		: 1
cpu cores	: 4
apicid		: 2
initial apicid	: 2
fdiv_bug	: no
hlt_bug		: no
f00f_bug	: no
coma_bug	: no
fpu		: yes
fpu_exception	: yes
cpuid level	: 13
wp		: yes
flags		: fpu vme de pse tsc msr pae mce cx8 apic sep mtrr pge mca cmov pat pse36 clflush dts acpi mmx fxsr sse sse2 ss ht tm pbe nx rdtscp lm constant_tsc arch_perfmon pebs bts xtopology nonstop_tsc aperfmperf eagerfpu pni pclmulqdq dtes64 monitor ds_cpl vmx smx est tm2 ssse3 cx16 xtpr pdcm pcid sse4_1 sse4_2 x2apic popcnt tsc_deadline_timer aes xsave avx f16c rdrand lahf_lm ida arat epb xsaveopt pln pts dtherm tpr_shadow vnmi flexpriority ept vpid fsgsbase smep erms
bogomips	: 6385.69
clflush size	: 64
cache_alignment	: 64
address sizes	: 36 bits physical, 48 bits virtual
power management:

processor	: 2
vendor_id	: GenuineIntel
cpu family	: 6
model		: 58
model name	: Intel(R) Core(TM) i5-3470 CPU @ 3.20GHz
stepping	: 9
microcode	: 0x12
cpu MHz		: 1600.000
cache size	: 6144 KB
physical id	: 0
siblings	: 4
core id		: 2
cpu cores	: 4
apicid		: 4
initial apicid	: 4
fdiv_bug	: no
hlt_bug		: no
f00f_bug	: no
coma_bug	: no
fpu		: yes
fpu_exception	: yes
cpuid level	: 13
wp		: yes
flags		: fpu vme de pse tsc msr pae mce cx8 apic sep mtrr pge mca cmov pat pse36 clflush dts acpi mmx fxsr sse sse2 ss ht tm pbe nx rdtscp lm constant_tsc arch_perfmon pebs bts xtopology nonstop_tsc aperfmperf eagerfpu pni pclmulqdq dtes64 monitor ds_cpl vmx smx est tm2 ssse3 cx16 xtpr pdcm pcid sse4_1 sse4_2 x2apic popcnt tsc_deadline_timer aes xsave avx f16c rdrand lahf_lm ida arat epb xsaveopt pln pts dtherm tpr_shadow vnmi flexpriority ept vpid fsgsbase smep erms
bogomips	: 6385.69
clflush size	: 64
cache_alignment	: 64
address sizes	: 36 bits physical, 48 bits virtual
power management:

processor	: 3
vendor_id	: GenuineIntel
cpu family	: 6
model		: 58
model name	: Intel(R) Core(TM) i5-3470 CPU @ 3.20GHz
stepping	: 9
microcode	: 0x12
cpu MHz		: 3201.000
cache size	: 6144 KB
physical id	: 0
siblings	: 4
core id		: 3
cpu cores	: 4
apicid		: 6
initial apicid	: 6
fdiv_bug	: no
hlt_bug		: no
f00f_bug	: no
coma_bug	: no
fpu		: yes
fpu_exception	: yes
cpuid level	: 13
wp		: yes
flags		: fpu vme de pse tsc msr pae mce cx8 apic sep mtrr pge mca cmov pat pse36 clflush dts acpi mmx fxsr sse sse2 ss ht tm pbe nx rdtscp lm constant_tsc arch_perfmon pebs bts xtopology nonstop_tsc aperfmperf eagerfpu pni pclmulqdq dtes64 monitor ds_cpl vmx smx est tm2 ssse3 cx16 xtpr pdcm pcid sse4_1 sse4_2 x2apic popcnt tsc_deadline_timer aes xsave avx f16c rdrand lahf_lm ida arat epb xsaveopt pln pts dtherm tpr_shadow vnmi flexpriority ept vpid fsgsbase smep erms
bogomips	: 6385.69
clflush size	: 64
cache_alignment	: 64
address sizes	: 36 bits physical, 48 bits virtual
power management:



Memory: 4k page, physical 4008060k(295752k free), swap 4063228k(4033668k free)

vm_info: OpenJDK Server VM (23.7-b01) for linux-x86 JRE (1.7.0_25-b30), built on Jul  3 2013 13:58:32 by "buildd" with gcc 4.7.3

time: Thu Sep 19 16:22:12 2013
elapsed time: 0 seconds

